0 info it worked if it ends with ok
1 verbose cli [ '/usr/bin/nodejs', '/usr/bin/npm', 'install', '--save', 'karma' ]
2 info using npm@1.3.10
3 info using node@v0.10.25
4 verbose readDependencies using package.json deps
5 verbose cache add [ 'karma', null ]
6 verbose cache add name=undefined spec="karma" args=["karma",null]
7 verbose parsed url { protocol: null,
7 verbose parsed url   slashes: null,
7 verbose parsed url   auth: null,
7 verbose parsed url   host: null,
7 verbose parsed url   port: null,
7 verbose parsed url   hostname: null,
7 verbose parsed url   hash: null,
7 verbose parsed url   search: null,
7 verbose parsed url   query: null,
7 verbose parsed url   pathname: 'karma',
7 verbose parsed url   path: 'karma',
7 verbose parsed url   href: 'karma' }
8 silly lockFile 512423cb-karma karma
9 verbose lock karma /home/hisabimbola/.npm/512423cb-karma.lock
10 silly lockFile 512423cb-karma karma
11 silly lockFile 512423cb-karma karma
12 verbose addNamed [ 'karma', '' ]
13 verbose addNamed [ null, '*' ]
14 silly lockFile cd7961bb-karma karma@
15 verbose lock karma@ /home/hisabimbola/.npm/cd7961bb-karma.lock
16 silly addNameRange { name: 'karma', range: '*', hasData: false }
17 verbose url raw karma
18 verbose url resolving [ 'https://registry.npmjs.org/', './karma' ]
19 verbose url resolved https://registry.npmjs.org/karma
20 info trying registry request attempt 1 at 20:24:48
21 verbose etag "5PSNQ0IF8E6BS2435XQ3Q5ERC"
22 http GET https://registry.npmjs.org/karma
23 info retry will retry, error on last attempt: Error: getaddrinfo ENOTFOUND
24 info trying registry request attempt 2 at 20:25:18
25 verbose etag "5PSNQ0IF8E6BS2435XQ3Q5ERC"
26 http GET https://registry.npmjs.org/karma
27 info retry will retry, error on last attempt: Error: getaddrinfo ENOTFOUND
28 info trying registry request attempt 3 at 20:26:18
29 verbose etag "5PSNQ0IF8E6BS2435XQ3Q5ERC"
30 http GET https://registry.npmjs.org/karma
31 silly registry.get cb [ 304, undefined ]
32 verbose etag karma from cache
33 silly addNameRange number 2 { name: 'karma', range: '*', hasData: true }
34 silly addNameRange versions [ 'karma',
34 silly addNameRange   [ '0.8.0',
34 silly addNameRange     '0.9.0-dart',
34 silly addNameRange     '0.8.1',
34 silly addNameRange     '0.8.2',
34 silly addNameRange     '0.8.3',
34 silly addNameRange     '0.9.0',
34 silly addNameRange     '0.8.4',
34 silly addNameRange     '0.9.1',
34 silly addNameRange     '0.8.5',
34 silly addNameRange     '0.9.2',
34 silly addNameRange     '0.9.2-dart',
34 silly addNameRange     '0.9.3',
34 silly addNameRange     '0.8.6',
34 silly addNameRange     '0.9.4',
34 silly addNameRange     '0.8.7',
34 silly addNameRange     '0.9.5',
34 silly addNameRange     '0.9.6',
34 silly addNameRange     '0.8.8',
34 silly addNameRange     '0.9.7',
34 silly addNameRange     '0.9.8',
34 silly addNameRange     '0.10.0',
34 silly addNameRange     '0.10.1',
34 silly addNameRange     '0.10.2',
34 silly addNameRange     '0.11.0',
34 silly addNameRange     '0.11.1',
34 silly addNameRange     '0.10.3',
34 silly addNameRange     '0.10.4',
34 silly addNameRange     '0.11.2',
34 silly addNameRange     '0.11.3',
34 silly addNameRange     '0.10.5',
34 silly addNameRange     '0.11.4',
34 silly addNameRange     '0.11.5',
34 silly addNameRange     '0.10.6',
34 silly addNameRange     '0.11.6',
34 silly addNameRange     '0.10.7',
34 silly addNameRange     '0.11.7',
34 silly addNameRange     '0.11.8',
34 silly addNameRange     '0.11.9',
34 silly addNameRange     '0.10.8',
34 silly addNameRange     '0.11.10',
34 silly addNameRange     '0.11.11',
34 silly addNameRange     '0.11.12',
34 silly addNameRange     '0.11.11-dev',
34 silly addNameRange     '0.10.9',
34 silly addNameRange     '0.11.12-dev',
34 silly addNameRange     '0.11.12-dev2',
34 silly addNameRange     '0.11.13',
34 silly addNameRange     '0.11.14',
34 silly addNameRange     '0.12.0',
34 silly addNameRange     '0.10.10',
34 silly addNameRange     '0.12.1',
34 silly addNameRange     '0.12.2',
34 silly addNameRange     '0.12.3',
34 silly addNameRange     '0.12.4',
34 silly addNameRange     '0.12.5',
34 silly addNameRange     '0.12.6',
34 silly addNameRange     '0.12.6-beta-43e6e28',
34 silly addNameRange     '0.12.7',
34 silly addNameRange     '0.12.8',
34 silly addNameRange     '0.12.9',
34 silly addNameRange     '0.12.10',
34 silly addNameRange     '0.12.11',
34 silly addNameRange     '0.12.12',
34 silly addNameRange     '0.12.11-beta-3029418',
34 silly addNameRange     '0.12.13',
34 silly addNameRange     '0.12.14',
34 silly addNameRange     '0.12.15',
34 silly addNameRange     '0.12.16',
34 silly addNameRange     '0.12.16-beta-905422d',
34 silly addNameRange     '0.12.17',
34 silly addNameRange     '0.12.18',
34 silly addNameRange     '0.12.19',
34 silly addNameRange     '0.12.20',
34 silly addNameRange     '0.12.21',
34 silly addNameRange     '0.12.22',
34 silly addNameRange     '0.12.23',
34 silly addNameRange     '0.12.24',
34 silly addNameRange     '0.12.24-beta-6cf7955',
34 silly addNameRange     '0.12.25',
34 silly addNameRange     '0.12.25-beta-37a7958',
34 silly addNameRange     '0.12.25-beta-ad5bc24',
34 silly addNameRange     '0.12.26',
34 silly addNameRange     '0.12.27',
34 silly addNameRange     '0.12.28',
34 silly addNameRange     '0.12.28-beta-b9be580',
34 silly addNameRange     '0.12.29',
34 silly addNameRange     '0.12.30',
34 silly addNameRange     '0.12.31',
34 silly addNameRange     '0.12.28-beta-f65c864' ] ]
35 verbose addNamed [ 'karma', '0.12.31' ]
36 verbose addNamed [ '0.12.31', '0.12.31' ]
37 silly lockFile feea9de1-karma-0-12-31 karma@0.12.31
38 verbose lock karma@0.12.31 /home/hisabimbola/.npm/feea9de1-karma-0-12-31.lock
39 silly lockFile feea9de1-karma-0-12-31 karma@0.12.31
40 silly lockFile feea9de1-karma-0-12-31 karma@0.12.31
41 silly lockFile cd7961bb-karma karma@
42 silly lockFile cd7961bb-karma karma@
43 silly resolved [ { name: 'karma',
43 silly resolved     description: 'Spectacular Test Runner for JavaScript.',
43 silly resolved     homepage: 'http://karma-runner.github.io/',
43 silly resolved     repository: { type: 'git', url: 'git://github.com/karma-runner/karma.git' },
43 silly resolved     bugs: { url: 'https://github.com/karma-runner/karma/issues' },
43 silly resolved     keywords:
43 silly resolved      [ 'karma',
43 silly resolved        'spectacular',
43 silly resolved        'runner',
43 silly resolved        'karma',
43 silly resolved        'js',
43 silly resolved        'javascript',
43 silly resolved        'testing',
43 silly resolved        'test',
43 silly resolved        'remote',
43 silly resolved        'execution' ],
43 silly resolved     author: { name: 'Vojta Jína', email: 'vojta.jina@gmail.com' },
43 silly resolved     contributors:
43 silly resolved      [ [Object],
43 silly resolved        [Object],
43 silly resolved        [Object],
43 silly resolved        [Object],
43 silly resolved        [Object],
43 silly resolved        [Object],
43 silly resolved        [Object],
43 silly resolved        [Object],
43 silly resolved        [Object],
43 silly resolved        [Object],
43 silly resolved        [Object],
43 silly resolved        [Object],
43 silly resolved        [Object],
43 silly resolved        [Object],
43 silly resolved        [Object],
43 silly resolved        [Object],
43 silly resolved        [Object],
43 silly resolved        [Object],
43 silly resolved        [Object],
43 silly resolved        [Object],
43 silly resolved        [Object],
43 silly resolved        [Object],
43 silly resolved        [Object],
43 silly resolved        [Object],
43 silly resolved        [Object],
43 silly resolved        [Object],
43 silly resolved        [Object],
43 silly resolved        [Object],
43 silly resolved        [Object],
43 silly resolved        [Object],
43 silly resolved        [Object],
43 silly resolved        [Object],
43 silly resolved        [Object],
43 silly resolved        [Object],
43 silly resolved        [Object],
43 silly resolved        [Object],
43 silly resolved        [Object],
43 silly resolved        [Object],
43 silly resolved        [Object],
43 silly resolved        [Object],
43 silly resolved        [Object],
43 silly resolved        [Object],
43 silly resolved        [Object],
43 silly resolved        [Object],
43 silly resolved        [Object],
43 silly resolved        [Object],
43 silly resolved        [Object],
43 silly resolved        [Object],
43 silly resolved        [Object],
43 silly resolved        [Object],
43 silly resolved        [Object],
43 silly resolved        [Object],
43 silly resolved        [Object],
43 silly resolved        [Object],
43 silly resolved        [Object],
43 silly resolved        [Object],
43 silly resolved        [Object],
43 silly resolved        [Object],
43 silly resolved        [Object],
43 silly resolved        [Object],
43 silly resolved        [Object],
43 silly resolved        [Object],
43 silly resolved        [Object],
43 silly resolved        [Object],
43 silly resolved        [Object],
43 silly resolved        [Object],
43 silly resolved        [Object],
43 silly resolved        [Object],
43 silly resolved        [Object],
43 silly resolved        [Object],
43 silly resolved        [Object],
43 silly resolved        [Object],
43 silly resolved        [Object],
43 silly resolved        [Object],
43 silly resolved        [Object],
43 silly resolved        [Object],
43 silly resolved        [Object],
43 silly resolved        [Object],
43 silly resolved        [Object],
43 silly resolved        [Object],
43 silly resolved        [Object],
43 silly resolved        [Object],
43 silly resolved        [Object],
43 silly resolved        [Object],
43 silly resolved        [Object],
43 silly resolved        [Object],
43 silly resolved        [Object],
43 silly resolved        [Object],
43 silly resolved        [Object],
43 silly resolved        [Object],
43 silly resolved        [Object],
43 silly resolved        [Object],
43 silly resolved        [Object],
43 silly resolved        [Object],
43 silly resolved        [Object],
43 silly resolved        [Object],
43 silly resolved        [Object],
43 silly resolved        [Object],
43 silly resolved        [Object],
43 silly resolved        [Object],
43 silly resolved        [Object],
43 silly resolved        [Object],
43 silly resolved        [Object],
43 silly resolved        [Object],
43 silly resolved        [Object],
43 silly resolved        [Object],
43 silly resolved        [Object],
43 silly resolved        [Object],
43 silly resolved        [Object],
43 silly resolved        [Object],
43 silly resolved        [Object],
43 silly resolved        [Object],
43 silly resolved        [Object],
43 silly resolved        [Object],
43 silly resolved        [Object],
43 silly resolved        [Object],
43 silly resolved        [Object],
43 silly resolved        [Object],
43 silly resolved        [Object],
43 silly resolved        [Object],
43 silly resolved        [Object],
43 silly resolved        [Object],
43 silly resolved        [Object],
43 silly resolved        [Object],
43 silly resolved        [Object],
43 silly resolved        [Object],
43 silly resolved        [Object],
43 silly resolved        [Object],
43 silly resolved        [Object],
43 silly resolved        [Object],
43 silly resolved        [Object],
43 silly resolved        [Object],
43 silly resolved        [Object],
43 silly resolved        [Object],
43 silly resolved        [Object],
43 silly resolved        [Object],
43 silly resolved        [Object] ],
43 silly resolved     dependencies:
43 silly resolved      { di: '~0.0.1',
43 silly resolved        'socket.io': '0.9.16',
43 silly resolved        chokidar: '>=0.8.2',
43 silly resolved        glob: '~3.2.7',
43 silly resolved        minimatch: '~0.2',
43 silly resolved        'http-proxy': '~0.10',
43 silly resolved        optimist: '~0.6.0',
43 silly resolved        rimraf: '~2.2.5',
43 silly resolved        q: '~0.9.7',
43 silly resolved        colors: '~0.6.2',
43 silly resolved        lodash: '~2.4.1',
43 silly resolved        mime: '~1.2.11',
43 silly resolved        log4js: '~0.6.3',
43 silly resolved        useragent: '~2.0.4',
43 silly resolved        'graceful-fs': '~2.0.1',
43 silly resolved        connect: '~2.26.0',
43 silly resolved        'source-map': '~0.1.31' },
43 silly resolved     devDependencies:
43 silly resolved      { grunt: '~0.4',
43 silly resolved        'grunt-simple-mocha': '*',
43 silly resolved        'grunt-contrib-jshint': '~0.10.0',
43 silly resolved        'grunt-contrib-watch': '~0.6.1',
43 silly resolved        'grunt-coffeelint': '~0.0.6',
43 silly resolved        'grunt-npm': '~0.0.1',
43 silly resolved        'grunt-bump': '~0.0.10',
43 silly resolved        'grunt-conventional-changelog': '~1.1.0',
43 silly resolved        'grunt-auto-release': '~0.0.3',
43 silly resolved        'grunt-browserify': '~2.1.3',
43 silly resolved        'load-grunt-tasks': '~0.6.0',
43 silly resolved        mocks: '~0.0.10',
43 silly resolved        which: '~1.0',
43 silly resolved        mocha: '~1.20.1',
43 silly resolved        chai: '~1.9.1',
43 silly resolved        'chai-as-promised': '~4.1.0',
43 silly resolved        sinon: '~1.10.3',
43 silly resolved        'sinon-chai': '~2.5.0',
43 silly resolved        'timer-shim': '~0.3.0',
43 silly resolved        'karma-jasmine': '~0.1.0',
43 silly resolved        'karma-mocha': '*',
43 silly resolved        'karma-qunit': '*',
43 silly resolved        'karma-coverage': '*',
43 silly resolved        'karma-requirejs': '*',
43 silly resolved        'karma-commonjs': '*',
43 silly resolved        'karma-growl-reporter': '*',
43 silly resolved        'karma-junit-reporter': '*',
43 silly resolved        'karma-chrome-launcher': '*',
43 silly resolved        'karma-firefox-launcher': '*',
43 silly resolved        'karma-sauce-launcher': '*',
43 silly resolved        'karma-phantomjs-launcher': '*',
43 silly resolved        'karma-ng-scenario': '*',
43 silly resolved        'karma-coffee-preprocessor': '*',
43 silly resolved        'karma-live-preprocessor': '*',
43 silly resolved        'karma-html2js-preprocessor': '*',
43 silly resolved        'karma-browserstack-launcher': '*',
43 silly resolved        LiveScript: '~1.2.0',
43 silly resolved        'coffee-errors': '~0.8.6',
43 silly resolved        'coffee-script': '~1.7.1',
43 silly resolved        'grunt-jscs-checker': '~0.6.1' },
43 silly resolved     main: './lib/index',
43 silly resolved     bin: {},
43 silly resolved     engines: { node: '~0.8 || ~0.10' },
43 silly resolved     version: '0.12.31',
43 silly resolved     license: 'MIT',
43 silly resolved     readme: '# Karma [![Build Status](https://travis-ci.org/karma-runner/karma.svg?branch=master)](https://travis-ci.org/karma-runner/karma) [![Dependency Status](https://david-dm.org/karma-runner/karma.svg)](https://david-dm.org/karma-runner/karma) [![devDependency Status](https://david-dm.org/karma-runner/karma/dev-status.svg)](https://david-dm.org/karma-runner/karma#info=devDependencies)\n\nA simple tool that allows you to execute JavaScript code in multiple\n_real_ browsers.\n\n> The main purpose of Karma is to make your TDD development easy,\n>  fast, and fun.\n\n\n## When should I use Karma?\n\n* You want to test code in *real* browsers.\n* You want to test code in multiple browsers (desktop, mobile,\n  tablets, etc.).\n* You want to execute your tests locally during development.\n* You want to execute your tests on a continuous integration server.\n* You want to execute your tests on every save.\n* You love your terminal.\n* You don\'t want your (testing) life to suck.\n* You want to use [Istanbul] to automagically generate coverage\n  reports.\n* You want to use [RequireJS] for your source files.\n\n\n## But I still want to use \\_insert testing library\\_\n\nKarma is not a testing framework, nor an assertion library.\nKarma just launches a HTTP server, and generates the test runner HTML file you probably already know from your favourite testing framework.\nSo for testing purposes you can use pretty much anything you like. There are already plugins for most of the common testing frameworks:\n\n* [Jasmine]\n* [Mocha]\n* [QUnit]\n* and [many others](https://www.npmjs.org/browse/keyword/karma-adapter)\n\nIf you can\'t find an adapter for your favourite framework, don\'t worry and write your own.\nIt\'s not that hard and we are here to help.\n\n\n## Which Browsers can I use?\n\nAll the major browsers are supported, if you want to know more see the\n[browsers] page.\n\n\n## Troubleshooting\nSee [FAQ](https://karma-runner.github.io/0.12/intro/faq.html).\n\n\n## I want to use it. Where do I sign?\n\nYou don\'t need to sign anything but here are some resources to help\nyou to get started...\n\n\n### Obligatory Screencast.\n\nEvery serious project has a screencast, so here is ours.  Just click\n[here] and let the show begin.\n\n\n### Installation.\n\nSee [installation](https://karma-runner.github.io/0.12/intro/installation.html).\n\n\n### Using it.\n\nSee [configuration](https://karma-runner.github.io/0.12/intro/configuration.html).\n\n\n## I still don\'t get it. Where can I get help?\n\n* [Docs]\n* [Mailing List]\n* [Issue Tracker]\n* [@JsKarma] on Twitter\n\n\n## This is so great. I want to help.\n\nPlease, see\n[contributing](https://karma-runner.github.io/0.12/dev/contributing.html).\n\n\n## Why did you create this?\n\nThroughout the development of [AngularJS], we\'ve been using [JSTD] for\ntesting. I really think that JSTD is a great idea. Unfortunately, we\nhad many problems with JSTD, so we decided to write our own test\nrunner based on the same idea. We wanted a simple tool just for\nexecuting JavaScript tests that is both stable and fast. That\'s why we\nuse the awesome [Socket.io] library and [Node.js].\n\n\n## My boss wants a license. So where is it?\n[MIT License](./LICENSE)\n\n\n[AngularJS]: https://angularjs.org/\n[JSTD]: https://code.google.com/p/js-test-driver/\n[Socket.io]: http://socket.io/\n[Node.js]: http://nodejs.org/\n[Jasmine]: https://github.com/karma-runner/karma-jasmine\n[Mocha]: https://github.com/karma-runner/karma-mocha\n[QUnit]: https://github.com/karma-runner/karma-qunit\n[here]: https://www.youtube.com/watch?v=MVw8N3hTfCI\n[Mailing List]: https://groups.google.com/forum/#!forum/karma-users\n[Issue Tracker]: https://github.com/karma-runner/karma/issues\n[@JsKarma]: https://twitter.com/JsKarma\n[RequireJS]: http://requirejs.org/\n[Istanbul]: https://github.com/gotwarlost/istanbul\n\n[browsers]: https://karma-runner.github.io/0.12/config/browsers.html\n[Docs]: https://karma-runner.github.io\n',
43 silly resolved     readmeFilename: 'README.md',
43 silly resolved     _id: 'karma@0.12.31',
43 silly resolved     _from: 'karma@' } ]
44 info install karma@0.12.31 into /home/hisabimbola/Source/findATM
45 info installOne karma@0.12.31
46 info /home/hisabimbola/Source/findATM/node_modules/karma unbuild
47 info preuninstall karma@0.10.10
48 info uninstall karma@0.10.10
49 verbose true,/home/hisabimbola/Source/findATM/node_modules,/home/hisabimbola/Source/findATM/node_modules unbuild karma@0.10.10
50 verbose /home/hisabimbola/Source/findATM/node_modules/.bin,[object Object] binRoot
51 info /home/hisabimbola/Source/findATM/node_modules/karma unbuild
52 info preuninstall karma@0.10.10
53 info uninstall karma@0.10.10
54 verbose true,/home/hisabimbola/Source/findATM/node_modules,/home/hisabimbola/Source/findATM/node_modules unbuild karma@0.10.10
55 verbose /home/hisabimbola/Source/findATM/node_modules/.bin,[object Object] binRoot
56 error error rolling back Error: EACCES, unlink '/home/hisabimbola/Source/findATM/node_modules/.bin/karma'
56 error error rolling back  karma@0.12.31 { [Error: EACCES, unlink '/home/hisabimbola/Source/findATM/node_modules/.bin/karma']
56 error error rolling back   errno: 3,
56 error error rolling back   code: 'EACCES',
56 error error rolling back   path: '/home/hisabimbola/Source/findATM/node_modules/.bin/karma' }
57 error Error: EACCES, unlink '/home/hisabimbola/Source/findATM/node_modules/.bin/karma'
57 error  { [Error: EACCES, unlink '/home/hisabimbola/Source/findATM/node_modules/.bin/karma']
57 error   errno: 3,
57 error   code: 'EACCES',
57 error   path: '/home/hisabimbola/Source/findATM/node_modules/.bin/karma' }
58 error Please try running this command again as root/Administrator.
59 error System Linux 3.13.0-37-generic
60 error command "/usr/bin/nodejs" "/usr/bin/npm" "install" "--save" "karma"
61 error cwd /home/hisabimbola/Source/findATM
62 error node -v v0.10.25
63 error npm -v 1.3.10
64 error path /home/hisabimbola/Source/findATM/node_modules/.bin/karma
65 error code EACCES
66 error errno 3
67 error stack Error: EACCES, unlink '/home/hisabimbola/Source/findATM/node_modules/.bin/karma'
68 verbose exit [ 3, true ]
